app/build/intermediates/manifest_merge_blame_file/debug/manifest-merger-blame-debug-report.txt
1<?xml version="1.0" encoding="utf-8"?>
2<manifest xmlns:android="http://schemas.android.com/apk/res/android"
3    package="com.google.mlkit.vision.demo"
4    android:installLocation="auto"
5    android:versionCode="11"
6    android:versionName="1.11" >
7    <!--
8 CameraX libraries require minSdkVersion 21, while this quickstart app
9    supports low to 16. Needs to use overrideLibrary to make the merger tool
10    ignore this conflict and import the libraries while keeping the app's lower
11    minSdkVersion value. In code, will check SDK version, before calling CameraX
12    APIs.
13    -->
14    <uses-sdk
14-->src\main\AndroidManifest.xml:12:5-15:63
15        android:minSdkVersion="16"
15-->src\main\AndroidManifest.xml:12:5-15:63
16        android:targetSdkVersion="30" />
16-->src\main\AndroidManifest.xml:12:5-15:63
17
18    <uses-feature android:name="android.hardware.camera" />
18-->src\main\AndroidManifest.xml:17:5-59
18-->src\main\AndroidManifest.xml:17:19-57
19
20    <uses-permission android:name="android.permission.INTERNET" />
20-->src\main\AndroidManifest.xml:19:5-66
20-->src\main\AndroidManifest.xml:19:22-64
21    <uses-permission android:name="android.permission.WRITE_EXTERNAL_STORAGE" />
21-->src\main\AndroidManifest.xml:20:5-80
21-->src\main\AndroidManifest.xml:20:22-78
22    <uses-permission android:name="android.permission.READ_EXTERNAL_STORAGE" />
22-->src\main\AndroidManifest.xml:21:5-79
22-->src\main\AndroidManifest.xml:21:22-77
23    <uses-permission android:name="android.permission.CAMERA" />
23-->src\main\AndroidManifest.xml:22:5-64
23-->src\main\AndroidManifest.xml:22:22-62
24
25    <queries>
25-->src\main\AndroidManifest.xml:66:5-70:15
26        <intent>
26-->src\main\AndroidManifest.xml:67:9-69:18
27            <action android:name="android.media.action.IMAGE_CAPTURE" />
27-->src\main\AndroidManifest.xml:68:13-73
27-->src\main\AndroidManifest.xml:68:21-70
28        </intent>
29    </queries>
30
31    <!-- Although the *SdkVersion is captured in gradle build files, this is required for non gradle builds -->
32    <!-- <uses-sdk android:minSdkVersion="14"/> -->
33    <uses-permission android:name="android.permission.ACCESS_NETWORK_STATE" />
33-->[com.google.android.datatransport:transport-backend-cct:2.3.3] AndroidManifest.xml:25:5-79
33-->[com.google.android.datatransport:transport-backend-cct:2.3.3] AndroidManifest.xml:25:22-76
34
35    <application
35-->src\main\AndroidManifest.xml:24:5-65:19
36        android:name="androidx.multidex.MultiDexApplication"
36-->src\main\AndroidManifest.xml:25:9-61
37        android:appComponentFactory="androidx.core.app.CoreComponentFactory"
37-->[androidx.core:core:1.3.1] AndroidManifest.xml:24:18-86
38        android:debuggable="true"
39        android:icon="@drawable/logo_mlkit"
39-->src\main\AndroidManifest.xml:26:9-44
40        android:label="@string/app_name"
40-->src\main\AndroidManifest.xml:27:9-41
41        android:testOnly="true"
42        android:theme="@style/Theme.AppCompat" >
42-->src\main\AndroidManifest.xml:28:9-47
43        <meta-data
43-->src\main\AndroidManifest.xml:30:9-32:68
44            android:name="com.google.android.gms.version"
44-->src\main\AndroidManifest.xml:31:13-58
45            android:value="@integer/google_play_services_version" />
45-->src\main\AndroidManifest.xml:32:13-66
46
47        <!--
48          Optional: Add it to automatically download ML model to device after
49          your app is installed.
50        -->
51        <meta-data
51-->src\main\AndroidManifest.xml:36:9-38:51
52            android:name="com.google.mlkit.vision.DEPENDENCIES"
52-->src\main\AndroidManifest.xml:37:13-64
53            android:value="barcode,face,ocr,ica" />
53-->src\main\AndroidManifest.xml:38:13-49
54
55        <activity
55-->src\main\AndroidManifest.xml:40:9-47:20
56            android:name="com.google.mlkit.vision.demo.java.ChooserActivity"
56-->src\main\AndroidManifest.xml:41:13-49
57            android:exported="true" >
57-->src\main\AndroidManifest.xml:42:13-36
58            <intent-filter>
58-->src\main\AndroidManifest.xml:43:13-46:29
59                <action android:name="android.intent.action.MAIN" />
59-->src\main\AndroidManifest.xml:44:17-68
59-->src\main\AndroidManifest.xml:44:25-66
60
61                <category android:name="android.intent.category.LAUNCHER" />
61-->src\main\AndroidManifest.xml:45:17-76
61-->src\main\AndroidManifest.xml:45:27-74
62            </intent-filter>
63        </activity>
64        <activity
64-->src\main\AndroidManifest.xml:49:9-53:20
65            android:name="com.google.mlkit.vision.demo.java.CameraXLivePreviewActivity"
65-->src\main\AndroidManifest.xml:50:13-60
66            android:exported="true"
66-->src\main\AndroidManifest.xml:51:13-36
67            android:theme="@style/AppTheme" >
67-->src\main\AndroidManifest.xml:52:13-44
68        </activity>
69        <activity
69-->src\main\AndroidManifest.xml:55:9-59:20
70            android:name="com.google.mlkit.vision.demo.java.StillImageActivity"
70-->src\main\AndroidManifest.xml:56:13-52
71            android:exported="true"
71-->src\main\AndroidManifest.xml:57:13-36
72            android:theme="@style/AppTheme" >
72-->src\main\AndroidManifest.xml:58:13-44
73        </activity>
74        <activity
74-->src\main\AndroidManifest.xml:61:9-63:39
75            android:name="com.google.mlkit.vision.demo.preference.SettingsActivity"
75-->src\main\AndroidManifest.xml:62:13-56
76            android:exported="false" />
76-->src\main\AndroidManifest.xml:63:13-37
77
78        <service
78-->[com.google.mlkit:object-detection:16.2.5] AndroidManifest.xml:8:9-14:19
79            android:name="com.google.mlkit.common.internal.MlKitComponentDiscoveryService"
79-->[com.google.mlkit:object-detection:16.2.5] AndroidManifest.xml:9:13-91
80            android:directBootAware="true"
80-->[com.google.mlkit:common:17.2.0] AndroidManifest.xml:17:13-43
81            android:exported="false" >
81-->[com.google.mlkit:object-detection:16.2.5] AndroidManifest.xml:10:13-37
82            <meta-data
82-->[com.google.mlkit:object-detection:16.2.5] AndroidManifest.xml:11:13-13:85
83                android:name="com.google.firebase.components:com.google.mlkit.vision.objects.defaults.internal.DefaultObjectsRegistrar"
83-->[com.google.mlkit:object-detection:16.2.5] AndroidManifest.xml:12:17-136
84                android:value="com.google.firebase.components.ComponentRegistrar" />
84-->[com.google.mlkit:object-detection:16.2.5] AndroidManifest.xml:13:17-82
85            <meta-data
85-->[com.google.mlkit:object-detection-custom:16.3.2] AndroidManifest.xml:11:13-13:85
86                android:name="com.google.firebase.components:com.google.mlkit.vision.objects.custom.internal.CustomObjectsRegistrar"
86-->[com.google.mlkit:object-detection-custom:16.3.2] AndroidManifest.xml:12:17-133
87                android:value="com.google.firebase.components.ComponentRegistrar" />
87-->[com.google.mlkit:object-detection-custom:16.3.2] AndroidManifest.xml:13:17-82
88            <meta-data
88-->[com.google.android.gms:play-services-mlkit-text-recognition:16.2.0] AndroidManifest.xml:12:13-14:85
89                android:name="com.google.firebase.components:com.google.mlkit.vision.text.internal.TextRegistrar"
89-->[com.google.android.gms:play-services-mlkit-text-recognition:16.2.0] AndroidManifest.xml:13:17-114
90                android:value="com.google.firebase.components.ComponentRegistrar" />
90-->[com.google.android.gms:play-services-mlkit-text-recognition:16.2.0] AndroidManifest.xml:14:17-82
91            <meta-data
91-->[com.google.mlkit:image-labeling:17.0.4] AndroidManifest.xml:11:13-13:85
92                android:name="com.google.firebase.components:com.google.mlkit.vision.label.defaults.internal.BundledLabelRegistrar"
92-->[com.google.mlkit:image-labeling:17.0.4] AndroidManifest.xml:12:17-132
93                android:value="com.google.firebase.components.ComponentRegistrar" />
93-->[com.google.mlkit:image-labeling:17.0.4] AndroidManifest.xml:13:17-82
94            <meta-data
94-->[com.google.mlkit:image-labeling-custom:16.3.1] AndroidManifest.xml:11:13-13:85
95                android:name="com.google.firebase.components:com.google.mlkit.vision.label.custom.internal.CustomLabelRegistrar"
95-->[com.google.mlkit:image-labeling-custom:16.3.1] AndroidManifest.xml:12:17-129
96                android:value="com.google.firebase.components.ComponentRegistrar" />
96-->[com.google.mlkit:image-labeling-custom:16.3.1] AndroidManifest.xml:13:17-82
97            <meta-data
97-->[com.google.mlkit:segmentation-selfie:16.0.0-beta1] AndroidManifest.xml:12:13-14:85
98                android:name="com.google.firebase.components:com.google.mlkit.vision.segmentation.internal.SegmentationRegistrar"
98-->[com.google.mlkit:segmentation-selfie:16.0.0-beta1] AndroidManifest.xml:13:17-130
99                android:value="com.google.firebase.components.ComponentRegistrar" />
99-->[com.google.mlkit:segmentation-selfie:16.0.0-beta1] AndroidManifest.xml:14:17-82
100            <meta-data
100-->[com.google.android.gms:play-services-mlkit-barcode-scanning:16.1.5] AndroidManifest.xml:12:13-14:85
101                android:name="com.google.firebase.components:com.google.mlkit.vision.barcode.internal.BarcodeRegistrar"
101-->[com.google.android.gms:play-services-mlkit-barcode-scanning:16.1.5] AndroidManifest.xml:13:17-120
102                android:value="com.google.firebase.components.ComponentRegistrar" />
102-->[com.google.android.gms:play-services-mlkit-barcode-scanning:16.1.5] AndroidManifest.xml:14:17-82
103            <meta-data
103-->[com.google.mlkit:vision-internal-vkp:18.1.0] AndroidManifest.xml:11:13-13:85
104                android:name="com.google.firebase.components:com.google.mlkit.vision.vkp.VkpRegistrar"
104-->[com.google.mlkit:vision-internal-vkp:18.1.0] AndroidManifest.xml:12:17-103
105                android:value="com.google.firebase.components.ComponentRegistrar" />
105-->[com.google.mlkit:vision-internal-vkp:18.1.0] AndroidManifest.xml:13:17-82
106            <meta-data
106-->[com.google.android.gms:play-services-mlkit-face-detection:16.1.7] AndroidManifest.xml:12:13-14:85
107                android:name="com.google.firebase.components:com.google.mlkit.vision.face.internal.FaceRegistrar"
107-->[com.google.android.gms:play-services-mlkit-face-detection:16.1.7] AndroidManifest.xml:13:17-114
108                android:value="com.google.firebase.components.ComponentRegistrar" />
108-->[com.google.android.gms:play-services-mlkit-face-detection:16.1.7] AndroidManifest.xml:14:17-82
109            <meta-data
109-->[com.google.mlkit:pose-detection-common:17.1.0-beta2] AndroidManifest.xml:11:13-13:85
110                android:name="com.google.firebase.components:com.google.mlkit.vision.pose.internal.PoseRegistrar"
110-->[com.google.mlkit:pose-detection-common:17.1.0-beta2] AndroidManifest.xml:12:17-114
111                android:value="com.google.firebase.components.ComponentRegistrar" />
111-->[com.google.mlkit:pose-detection-common:17.1.0-beta2] AndroidManifest.xml:13:17-82
112            <meta-data
112-->[com.google.mlkit:vision-common:16.4.0] AndroidManifest.xml:12:13-14:85
113                android:name="com.google.firebase.components:com.google.mlkit.vision.common.internal.VisionCommonRegistrar"
113-->[com.google.mlkit:vision-common:16.4.0] AndroidManifest.xml:13:17-124
114                android:value="com.google.firebase.components.ComponentRegistrar" />
114-->[com.google.mlkit:vision-common:16.4.0] AndroidManifest.xml:14:17-82
115            <meta-data
115-->[com.google.mlkit:common:17.2.0] AndroidManifest.xml:20:13-22:85
116                android:name="com.google.firebase.components:com.google.mlkit.common.internal.CommonComponentRegistrar"
116-->[com.google.mlkit:common:17.2.0] AndroidManifest.xml:21:17-120
117                android:value="com.google.firebase.components.ComponentRegistrar" />
117-->[com.google.mlkit:common:17.2.0] AndroidManifest.xml:22:17-82
118        </service>
119
120        <provider
120-->[com.google.mlkit:common:17.2.0] AndroidManifest.xml:9:9-13:38
121            android:name="com.google.mlkit.common.internal.MlKitInitProvider"
121-->[com.google.mlkit:common:17.2.0] AndroidManifest.xml:10:13-78
122            android:authorities="com.google.mlkit.vision.demo.mlkitinitprovider"
122-->[com.google.mlkit:common:17.2.0] AndroidManifest.xml:11:13-69
123            android:exported="false"
123-->[com.google.mlkit:common:17.2.0] AndroidManifest.xml:12:13-37
124            android:initOrder="99" />
124-->[com.google.mlkit:common:17.2.0] AndroidManifest.xml:13:13-35
125
126        <activity
126-->[com.google.android.gms:play-services-base:17.6.0] AndroidManifest.xml:23:9-26:75
127            android:name="com.google.android.gms.common.api.GoogleApiActivity"
127-->[com.google.android.gms:play-services-base:17.6.0] AndroidManifest.xml:24:13-79
128            android:exported="false"
128-->[com.google.android.gms:play-services-base:17.6.0] AndroidManifest.xml:25:13-37
129            android:theme="@android:style/Theme.Translucent.NoTitleBar" />
129-->[com.google.android.gms:play-services-base:17.6.0] AndroidManifest.xml:26:13-72
130
131        <service
131-->[com.google.android.datatransport:transport-backend-cct:2.3.3] AndroidManifest.xml:29:9-35:19
132            android:name="com.google.android.datatransport.runtime.backends.TransportBackendDiscovery"
132-->[com.google.android.datatransport:transport-backend-cct:2.3.3] AndroidManifest.xml:30:13-103
133            android:exported="false" >
133-->[com.google.android.datatransport:transport-backend-cct:2.3.3] AndroidManifest.xml:31:13-37
134            <meta-data
134-->[com.google.android.datatransport:transport-backend-cct:2.3.3] AndroidManifest.xml:32:13-34:39
135                android:name="backend:com.google.android.datatransport.cct.CctBackendFactory"
135-->[com.google.android.datatransport:transport-backend-cct:2.3.3] AndroidManifest.xml:33:17-94
136                android:value="cct" />
136-->[com.google.android.datatransport:transport-backend-cct:2.3.3] AndroidManifest.xml:34:17-36
137        </service>
138        <service
138-->[com.google.android.datatransport:transport-runtime:2.2.6] AndroidManifest.xml:26:9-30:19
139            android:name="com.google.android.datatransport.runtime.scheduling.jobscheduling.JobInfoSchedulerService"
139-->[com.google.android.datatransport:transport-runtime:2.2.6] AndroidManifest.xml:27:13-117
140            android:exported="false"
140-->[com.google.android.datatransport:transport-runtime:2.2.6] AndroidManifest.xml:28:13-37
141            android:permission="android.permission.BIND_JOB_SERVICE" >
141-->[com.google.android.datatransport:transport-runtime:2.2.6] AndroidManifest.xml:29:13-69
142        </service>
143
144        <receiver
144-->[com.google.android.datatransport:transport-runtime:2.2.6] AndroidManifest.xml:32:9-34:40
145            android:name="com.google.android.datatransport.runtime.scheduling.jobscheduling.AlarmManagerSchedulerBroadcastReceiver"
145-->[com.google.android.datatransport:transport-runtime:2.2.6] AndroidManifest.xml:33:13-132
146            android:exported="false" />
146-->[com.google.android.datatransport:transport-runtime:2.2.6] AndroidManifest.xml:34:13-37
147
148        <provider
148-->[androidx.lifecycle:lifecycle-process:2.1.0] AndroidManifest.xml:23:9-27:43
149            android:name="androidx.lifecycle.ProcessLifecycleOwnerInitializer"
149-->[androidx.lifecycle:lifecycle-process:2.1.0] AndroidManifest.xml:24:13-79
150            android:authorities="com.google.mlkit.vision.demo.lifecycle-process"
150-->[androidx.lifecycle:lifecycle-process:2.1.0] AndroidManifest.xml:25:13-69
151            android:exported="false"
151-->[androidx.lifecycle:lifecycle-process:2.1.0] AndroidManifest.xml:26:13-37
152            android:multiprocess="true" />
152-->[androidx.lifecycle:lifecycle-process:2.1.0] AndroidManifest.xml:27:13-40
153    </application>
154
155</manifest>